execve("./epoll_lt_test", ["./epoll_lt_test", "127.0.0.1", "12346"], [/* 25 vars */]) = 0
brk(0)                                  = 0xeaa000
mmap(NULL, 4096, PROT_READ|PROT_WRITE, MAP_PRIVATE|MAP_ANONYMOUS, -1, 0) = 0x7fe3ccdbd000
access("/etc/ld.so.preload", R_OK)      = -1 ENOENT (No such file or directory)
open("/etc/ld.so.cache", O_RDONLY|O_CLOEXEC) = 3
fstat(3, {st_mode=S_IFREG|0644, st_size=40346, ...}) = 0
mmap(NULL, 40346, PROT_READ, MAP_PRIVATE, 3, 0) = 0x7fe3ccdb3000
close(3)                                = 0
open("/lib64/libc.so.6", O_RDONLY|O_CLOEXEC) = 3
read(3, "\177ELF\2\1\1\3\0\0\0\0\0\0\0\0\3\0>\0\1\0\0\0@\34\2\0\0\0\0\0"..., 832) = 832
fstat(3, {st_mode=S_IFREG|0755, st_size=2118128, ...}) = 0
mmap(NULL, 3932672, PROT_READ|PROT_EXEC, MAP_PRIVATE|MAP_DENYWRITE, 3, 0) = 0x7fe3cc7de000
mprotect(0x7fe3cc994000, 2097152, PROT_NONE) = 0
mmap(0x7fe3ccb94000, 24576, PROT_READ|PROT_WRITE, MAP_PRIVATE|MAP_FIXED|MAP_DENYWRITE, 3, 0x1b6000) = 0x7fe3ccb94000
mmap(0x7fe3ccb9a000, 16896, PROT_READ|PROT_WRITE, MAP_PRIVATE|MAP_FIXED|MAP_ANONYMOUS, -1, 0) = 0x7fe3ccb9a000
close(3)                                = 0
mmap(NULL, 4096, PROT_READ|PROT_WRITE, MAP_PRIVATE|MAP_ANONYMOUS, -1, 0) = 0x7fe3ccdb2000
mmap(NULL, 8192, PROT_READ|PROT_WRITE, MAP_PRIVATE|MAP_ANONYMOUS, -1, 0) = 0x7fe3ccdb0000
arch_prctl(ARCH_SET_FS, 0x7fe3ccdb0740) = 0
mprotect(0x7fe3ccb94000, 16384, PROT_READ) = 0
mprotect(0x601000, 4096, PROT_READ)     = 0
mprotect(0x7fe3ccdbe000, 4096, PROT_READ) = 0
munmap(0x7fe3ccdb3000, 40346)           = 0
socket(PF_INET, SOCK_STREAM, IPPROTO_IP) = 3
bind(3, {sa_family=AF_INET, sin_port=htons(12346), sin_addr=inet_addr("127.0.0.1")}, 16) = 0
listen(3, 5)                            = 0
epoll_create(5)                         = 4
epoll_ctl(4, EPOLL_CTL_ADD, 3, {EPOLLIN, {u32=3, u64=14761675087362916355}}) = 0
fcntl(3, F_GETFL)                       = 0x2 (flags O_RDWR)
fcntl(3, F_SETFL, O_RDWR|O_NONBLOCK)    = 0
epoll_wait(4, {{EPOLLIN, {u32=3, u64=14761675087362916355}}}, 1024, -1) = 1
accept(3, {sa_family=AF_INET, sin_port=htons(36150), sin_addr=inet_addr("127.0.0.1")}, [16]) = 5
epoll_ctl(4, EPOLL_CTL_ADD, 5, {EPOLLIN, {u32=5, u64=14761675087362916357}}) = 0
fcntl(5, F_GETFL)                       = 0x2 (flags O_RDWR)
fcntl(5, F_SETFL, O_RDWR|O_NONBLOCK)    = 0
epoll_wait(4, {{EPOLLIN, {u32=5, u64=14761675087362916357}}}, 1024, -1) = 1
fstat(1, {st_mode=S_IFCHR|0620, st_rdev=makedev(136, 0), ...}) = 0
mmap(NULL, 4096, PROT_READ|PROT_WRITE, MAP_PRIVATE|MAP_ANONYMOUS, -1, 0) = 0x7fe3ccdbc000
write(1, "event trigger once\n", 19)    = 19
recvfrom(5, "dffds\r\n", 9, 0, NULL, NULL) = 7
write(1, "event trigger once\n", 19)    = 19
recvfrom(5, 0x7ffe7b71d150, 10, 0, 0, 0) = -1 EAGAIN (Resource temporarily unavailable)
close(5)                                = 0
epoll_wait(4, 7ffe7b71d190, 1024, -1)   = -1 EINTR (Interrupted system call)
--- SIGINT {si_signo=SIGINT, si_code=SI_KERNEL, si_value={int=3625227864, ptr=0x7f00d8149658}} ---
+++ killed by SIGINT +++
